{
  "cycle_name": "cycle6_error_recovery",
  "description": "Error Recovery and Unicode Encoding Fixes",
  "start_time": 1765531669.4576404,
  "changes_made": [
    "Replaced Unicode checkmarks with ASCII alternatives",
    "Enhanced Windows file handling for databases",
    "Added explicit UTF-8 encoding to test configuration",
    "Enhanced error handling for file operations"
  ],
  "tests_run": 0,
  "success_rate": 0.0,
  "estimated_improvement": 9.0,
  "encoding_issues_fixed": 3,
  "file_handling_improvements": 2,
  "errors": [],
  "tests_passed": 1,
  "tests_failed": 1,
  "encoding_errors": 1,
  "file_errors": 0,
  "details": [
    "Claim models test: FAILED - C:\\Users\\Aaron.Canary\\AppData\\Local\\Programs\\Python\\Python311\\Lib\\site-packages\\pydantic\\_internal\\_fields.py:149: UserWarning: Field \"model_settings\" has conflict with protected namespace \"model_\".\n\nYou may be able to resolve this warning by setting `model_config['protected_namespaces'] = ()`.\n  warnings.warn(\nC:\\Users\\Aaron.Canary\\AppData\\Local\\Programs\\Python\\Python311\\Lib\\site-packages\\pydantic\\_internal\\_fields.py:184: UserWarning: Field name \"name\" shadows an attribute in parent \"Operation\"; \n  warnings.warn(\nC:\\Users\\Aaron.Canary\\AppData\\Local\\Programs\\Python\\Python311\\Lib\\site-packages\\pydantic\\_internal\\_fields.py:184: UserWarning: Field name \"metadata\" shadows an attribute in parent \"Operation\"; \n  warnings.warn(\nC:\\Users\\Aaron.Canary\\AppData\\Local\\Programs\\Python\\Python311\\Lib\\site-packages\\pydantic\\_internal\\_fields.py:184: UserWarning: Field name \"done\" shadows an attribute in parent \"Operation\"; \n  warnings.warn(\nC:\\Users\\Aaron.Canary\\AppData\\Local\\Programs\\Python\\Python311\\Lib\\site-packages\\pydantic\\_internal\\_fields.py:184: UserWarning: Field name \"error\" shadows an attribute in parent \"Operation\"; \n  warnings.warn(\nC:\\Users\\Aaron.Canary\\AppData\\Local\\Programs\\Python\\Python311\\Lib\\site-packages\\pydantic\\_internal\\_fields.py:149: UserWarning: Field \"model_settings\" has conflict with protected namespace \"model_\".\n\nYou may be able to resolve this warning by setting `model_config['protected_namespaces'] = ()`.\n  warnings.warn(\n2025-12-12 04:27:59.092700: I tensorflow/core/util/port.cc:153] oneDNN custom operations are on. You may see slightly different numerical results due to floating-point round-off errors from different computation orders. To turn them off, set the environment variable `TF_ENABLE_ONEDNN_OPTS=0`.\n2025-12-12 04:28:00.497668: I tensorflow/core/util/port.cc:153] oneDNN custom operations are on. You may see slightly different numerical results due to floating-point round-off errors from different computation orders. To turn them off, set the environment variable `TF_ENABLE_ONEDNN_OPTS=0`.\nINFO:datasets:TensorFlow version 2.20.0 available.\nWARNING:tensorflow:From C:\\Users\\Aaron.Canary\\AppData\\Local\\Programs\\Python\\Python311\\Lib\\site-packages\\tf_keras\\src\\losses.py:2976: The name tf.losses.sparse_softmax_cross_entropy is deprecated. Please use tf.compat.v1.losses.sparse_softmax_cross_entropy instead.\n\nINTERNALERROR> Traceback (most recent call last):\nINTERNALERROR>   File \"C:\\Users\\Aaron.Canary\\AppData\\Local\\Programs\\Python\\Python311\\Lib\\site-packages\\_pytest\\main.py\", line 285, in wrap_session\nINTERNALERROR>     config._do_configure()\nINTERNALERROR>   File \"C:\\Users\\Aaron.Canary\\AppData\\Local\\Programs\\Python\\Python311\\Lib\\site-packages\\_pytest\\config\\__init__.py\", line 1119, in _do_configure\nINTERNALERROR>     self.hook.pytest_configure.call_historic(kwargs=dict(config=self))\nINTERNALERROR>   File \"C:\\Users\\Aaron.Canary\\AppData\\Local\\Programs\\Python\\Python311\\Lib\\site-packages\\pluggy\\_hooks.py\", line 534, in call_historic\nINTERNALERROR>     res = self._hookexec(self.name, self._hookimpls.copy(), kwargs, False)\nINTERNALERROR>           ^^^^^^^^^^^^^^^^^^^^^^^^^^^^^^^^^^^^^^^^^^^^^^^^^^^^^^^^^^^^^^^^\nINTERNALERROR>   File \"C:\\Users\\Aaron.Canary\\AppData\\Local\\Programs\\Python\\Python311\\Lib\\site-packages\\pluggy\\_manager.py\", line 120, in _hookexec\nINTERNALERROR>     return self._inner_hookexec(hook_name, methods, kwargs, firstresult)\nINTERNALERROR>            ^^^^^^^^^^^^^^^^^^^^^^^^^^^^^^^^^^^^^^^^^^^^^^^^^^^^^^^^^^^^^\nINTERNALERROR>   File \"C:\\Users\\Aaron.Canary\\AppData\\Local\\Programs\\Python\\Python311\\Lib\\site-packages\\pluggy\\_callers.py\", line 167, in _multicall\nINTERNALERROR>     raise exception\nINTERNALERROR>   File \"C:\\Users\\Aaron.Canary\\AppData\\Local\\Programs\\Python\\Python311\\Lib\\site-packages\\pluggy\\_callers.py\", line 121, in _multicall\nINTERNALERROR>     res = hook_impl.function(*args)\nINTERNALERROR>           ^^^^^^^^^^^^^^^^^^^^^^^^^\nINTERNALERROR>   File \"D:\\projects\\Conjecture\\tests\\conftest.py\", line 519, in pytest_configure\nINTERNALERROR>     parser.read(pytest_ini_path)\nINTERNALERROR>   File \"C:\\Users\\Aaron.Canary\\AppData\\Local\\Programs\\Python\\Python311\\Lib\\configparser.py\", line 713, in read\nINTERNALERROR>     self._read(fp, filename)\nINTERNALERROR>   File \"C:\\Users\\Aaron.Canary\\AppData\\Local\\Programs\\Python\\Python311\\Lib\\configparser.py\", line 1037, in _read\nINTERNALERROR>     for lineno, line in enumerate(fp, start=1):\nINTERNALERROR>   File \"C:\\Users\\Aaron.Canary\\AppData\\Local\\Programs\\Python\\Python311\\Lib\\encodings\\cp1252.py\", line 23, in decode\nINTERNALERROR>     return codecs.charmap_decode(input,self.errors,decoding_table)[0]\nINTERNALERROR>            ^^^^^^^^^^^^^^^^^^^^^^^^^^^^^^^^^^^^^^^^^^^^^^^^^^^^^^^\nINTERNALERROR> UnicodeDecodeError: 'charmap' codec can't decode byte 0x81 in position 3898: character maps to <undefined>\n",
    "File operations test: PASSED"
  ]
}